[debug] [2021-01-06T18:51:55.916Z] ----------------------------------------------------------------------
[debug] [2021-01-06T18:51:55.918Z] Command:       /usr/local/bin/node /usr/local/bin/firebase init hosting
[debug] [2021-01-06T18:51:55.918Z] CLI Version:   9.1.0
[debug] [2021-01-06T18:51:55.918Z] Platform:      linux
[debug] [2021-01-06T18:51:55.918Z] Node Version:  v12.18.3
[debug] [2021-01-06T18:51:55.918Z] Time:          Wed Jan 06 2021 19:51:55 GMT+0100 (Central European Standard Time)
[debug] [2021-01-06T18:51:55.918Z] ----------------------------------------------------------------------
[debug] [2021-01-06T18:51:55.918Z] 
[debug] [2021-01-06T18:51:55.921Z] > command requires scopes: ["email","openid","https://www.googleapis.com/auth/cloudplatformprojects.readonly","https://www.googleapis.com/auth/firebase","https://www.googleapis.com/auth/cloud-platform"]
[debug] [2021-01-06T18:51:55.922Z] > authorizing via signed-in user
[info] 
     ######## #### ########  ######## ########     ###     ######  ########
     ##        ##  ##     ## ##       ##     ##  ##   ##  ##       ##
     ######    ##  ########  ######   ########  #########  ######  ######
     ##        ##  ##    ##  ##       ##     ## ##     ##       ## ##
     ##       #### ##     ## ######## ########  ##     ##  ######  ########

You're about to initialize a Firebase project in this directory:

  /home/arthur/Epitech/INN/Bidouille/convert-cash

Before we get started, keep in mind:

  * You are initializing in an existing Firebase project directory

[info] 
=== Project Setup
[info] 
[info] First, let's associate this project directory with a Firebase project.
[info] You can create multiple project aliases by running firebase use --add, 
[info] but for now we'll just set up a default project.
[info] 
[info] i  .firebaserc already has a default project, using convert-cash. 
[debug] [2021-01-06T18:51:55.926Z] >>> HTTP REQUEST GET https://firebase.googleapis.com/v1beta1/projects/convert-cash  
 
[debug] [2021-01-06T18:51:56.814Z] <<< HTTP RESPONSE 200 {"content-type":"application/json; charset=UTF-8","vary":"X-Origin, Referer, Origin,Accept-Encoding","date":"Wed, 06 Jan 2021 18:51:56 GMT","server":"ESF","cache-control":"private","x-xss-protection":"0","x-frame-options":"SAMEORIGIN","x-content-type-options":"nosniff","alt-svc":"h3-29=\":443\"; ma=2592000,h3-T051=\":443\"; ma=2592000,h3-Q050=\":443\"; ma=2592000,h3-Q046=\":443\"; ma=2592000,h3-Q043=\":443\"; ma=2592000,quic=\":443\"; ma=2592000; v=\"46,43\"","accept-ranges":"none","transfer-encoding":"chunked"}
[info] 
=== Hosting Setup
[info] 
[info] Your public directory is the folder (relative to your project directory) that
[info] will contain Hosting assets to be uploaded with firebase deploy. If you
[info] have a build process for your assets, use your build's output directory.
[info] 
